GDRE Tools v1.0.2
Arch Linux #1 SMP PREEMPT_DYNAMIC Thu, 18 Dec 2025 18:00:18 +0000, AMD Radeon Graphics (radeonsi, renoir, ACO, DRM 3.64, 6.18.2-arch2-1), opengl3
Opening file: ~/Downloads/exportFirst/index.pck
Loaded 38 imported files
Detected Engine Version: 4.4.1
Detected Bytecode Revision: 4.3.0-stable (77af6ca)
Verified 81 files, no errors detected!
Extracted 81 files, no errors detected!
Saved project config.


********************************EXPORT REPORT********************************

Totals:                                 
Decompiled scripts:                     13
Failed scripts:                         0
Imported resources for export session:  38
Successfully converted:                 38
Lossy:                                  1
Rewrote metadata:                       11
Non-importable conversions:             0
Not converted:                          0
Failed conversions:                     0
-------------



------------------------------------------------------------------------------------

Use Godot editor version 4.4.1 to edit the project.
Note: the project may be using a custom version of Godot. Detection for this has not been implemented yet.
If you find that you have many non-import errors upon opening the project 
(i.e. scripts or shaders have many errors), use the original game's binary as the export template.

*******************************************************************************

